[0.064s] Invoking command in '/home/neel/bumperbot_ws2/build/bumperbot_cpp_examples': CMAKE_PREFIX_PATH=${CMAKE_PREFIX_PATH}:/opt/ros/jazzy DEBUGINFOD_URLS=https://debuginfod.ubuntu.com /usr/bin/cmake --build /home/neel/bumperbot_ws2/build/bumperbot_cpp_examples -- -j4 -l4
[0.353s] -- Found ament_cmake: 2.5.4 (/opt/ros/jazzy/share/ament_cmake/cmake)
[1.118s] -- Found rclcpp: 28.1.10 (/opt/ros/jazzy/share/rclcpp/cmake)
[1.402s] -- Found rosidl_generator_c: 4.6.5 (/opt/ros/jazzy/share/rosidl_generator_c/cmake)
[1.438s] -- Found rosidl_generator_cpp: 4.6.5 (/opt/ros/jazzy/share/rosidl_generator_cpp/cmake)
[1.519s] -- Using all available rosidl_typesupport_c: rosidl_typesupport_fastrtps_c;rosidl_typesupport_introspection_c
[1.583s] -- Using all available rosidl_typesupport_cpp: rosidl_typesupport_fastrtps_cpp;rosidl_typesupport_introspection_cpp
[1.794s] -- Found rmw_implementation_cmake: 7.3.2 (/opt/ros/jazzy/share/rmw_implementation_cmake/cmake)
[1.822s] -- Found rmw_fastrtps_cpp: 8.4.2 (/opt/ros/jazzy/share/rmw_fastrtps_cpp/cmake)
[2.128s] -- Found OpenSSL: /usr/lib/x86_64-linux-gnu/libcrypto.so (found version "3.0.13")  
[2.176s] -- Found FastRTPS: /opt/ros/jazzy/include (Required is at least version "2.13") 
[2.246s] -- Using RMW implementation 'rmw_fastrtps_cpp' as default
[2.525s] -- Found std_msgs: 5.3.6 (/opt/ros/jazzy/share/std_msgs/cmake)
[2.567s] -- Found ament_lint_auto: 0.17.2 (/opt/ros/jazzy/share/ament_lint_auto/cmake)
[2.732s] -- Added test 'cppcheck' to perform static code analysis on C / C++ code
[2.733s] -- Configured cppcheck include dirs: 
[2.733s] -- Configured cppcheck exclude dirs and/or files: 
[2.735s] -- Added test 'lint_cmake' to check CMake code style
[2.738s] -- Added test 'uncrustify' to check C / C++ code style
[2.738s] -- Configured uncrustify additional arguments: 
[2.740s] -- Added test 'xmllint' to check XML markup files
[2.745s] -- Configuring done (2.5s)
[2.760s] [33mCMake Warning (dev) at CMakeLists.txt:13 (add_executable):
[2.760s]   Policy CMP0115 is not set: Source file extensions must be explicit.  Run
[2.760s]   "cmake --help-policy CMP0115" for policy details.  Use the cmake_policy
[2.760s]   command to set the policy and suppress this warning.
[2.760s] 
[2.760s]   File:
[2.760s] 
[2.760s]     /home/neel/bumperbot_ws2/src/bumperbot_cpp_examples/src/simple_publisher.cpp
[2.760s] This warning is for project developers.  Use -Wno-dev to suppress it.
[2.760s] [0m
[2.786s] -- Generating done (0.0s)
[2.794s] -- Build files have been written to: /home/neel/bumperbot_ws2/build/bumperbot_cpp_examples
[2.865s] [ 50%] [32mBuilding CXX object CMakeFiles/simple_publisher.dir/src/simple_publisher.cpp.o[0m
[6.147s] In file included from [01m[K/opt/ros/jazzy/include/rclcpp/rclcpp/logging.hpp:24[m[K,
[6.148s]                  from [01m[K/opt/ros/jazzy/include/rclcpp/rclcpp/copy_all_parameter_values.hpp:27[m[K,
[6.148s]                  from [01m[K/opt/ros/jazzy/include/rclcpp/rclcpp/rclcpp.hpp:171[m[K,
[6.148s]                  from [01m[K/home/neel/bumperbot_ws2/src/bumperbot_cpp_examples/src/simple_publisher.cpp:2[m[K:
[6.148s] [01m[K/home/neel/bumperbot_ws2/src/bumperbot_cpp_examples/src/simple_publisher.cpp:[m[K In constructor â€˜[01m[KSimplePublisher::[01;32m[KSimplePublisher[m[K()[m[Kâ€™:
[6.148s] [01m[K/home/neel/bumperbot_ws2/src/bumperbot_cpp_examples/src/simple_publisher.cpp:15:35:[m[K [01;31m[Kerror: [m[Kinvalid conversion from â€˜[01m[Kint[m[Kâ€™ to â€˜[01m[Kconst char*[m[Kâ€™ [[01;31m[K]8;;https://gcc.gnu.org/onlinedocs/gcc/Warning-Options.html#index-fpermissive-fpermissive]8;;[m[K]
[6.148s]    15 |         RCLCPP_INFO(get_logger(), [01;31m[K'publishing at 1hz'[m[K);
[6.148s]       |                                   [01;31m[K^~~~~~~~~~~~~~~~~~~[m[K
[6.148s]       |                                   [01;31m[K|[m[K
[6.148s]       |                                   [01;31m[Kint[m[K
[6.148s] In file included from [01m[K/opt/ros/jazzy/include/rmw/rmw/types.h:28[m[K,
[6.148s]                  from [01m[K/opt/ros/jazzy/include/rcl/rcl/types.h:20[m[K,
[6.148s]                  from [01m[K/opt/ros/jazzy/include/rclcpp/rclcpp/exceptions/exceptions.hpp:23[m[K,
[6.148s]                  from [01m[K/opt/ros/jazzy/include/rclcpp/rclcpp/exceptions.hpp:18[m[K,
[6.148s]                  from [01m[K/opt/ros/jazzy/include/rclcpp/rclcpp/parameter.hpp:25[m[K,
[6.149s]                  from [01m[K/opt/ros/jazzy/include/rclcpp/rclcpp/copy_all_parameter_values.hpp:25[m[K:
[6.149s] [01m[K/opt/ros/jazzy/include/rcutils/rcutils/logging.h:473:16:[m[K [01;36m[Knote: [m[K  initializing argument 4 of â€˜[01m[Kvoid[01;32m[K rcutils_log_internal[m[K(const rcutils_log_location_t*, int, const char*, const char*, ...)[m[Kâ€™
[6.149s]   473 |   [01;36m[Kconst char * format[m[K,
[6.149s]       |   [01;36m[K~~~~~~~~~~~~~^~~~~~[m[K
[7.184s] gmake[2]: *** [CMakeFiles/simple_publisher.dir/build.make:76: CMakeFiles/simple_publisher.dir/src/simple_publisher.cpp.o] Error 1
[7.184s] gmake[1]: *** [CMakeFiles/Makefile2:137: CMakeFiles/simple_publisher.dir/all] Error 2
[7.184s] gmake: *** [Makefile:146: all] Error 2
[7.190s] Invoked command in '/home/neel/bumperbot_ws2/build/bumperbot_cpp_examples' returned '2': CMAKE_PREFIX_PATH=${CMAKE_PREFIX_PATH}:/opt/ros/jazzy DEBUGINFOD_URLS=https://debuginfod.ubuntu.com /usr/bin/cmake --build /home/neel/bumperbot_ws2/build/bumperbot_cpp_examples -- -j4 -l4
